Thu Apr 10 12:31:49 UTC 2025
Fri Apr 11 12:23:46 UTC 2025
Sat Apr 12 12:20:45 UTC 2025
Sun Apr 13 12:21:20 UTC 2025
Mon Apr 14 12:24:20 UTC 2025
Tue Apr 15 12:24:23 UTC 2025
Wed Apr 16 12:24:19 UTC 2025
Thu Apr 17 12:24:00 UTC 2025
Fri Apr 18 12:22:50 UTC 2025
Sat Apr 19 12:20:56 UTC 2025
Sun Apr 20 12:21:04 UTC 2025
Mon Apr 21 12:23:35 UTC 2025
Tue Apr 22 12:24:08 UTC 2025
Wed Apr 23 12:24:28 UTC 2025
Thu Apr 24 12:25:02 UTC 2025
Fri Apr 25 12:24:21 UTC 2025
Sat Apr 26 12:21:10 UTC 2025
Sun Apr 27 12:21:16 UTC 2025
Mon Apr 28 12:24:25 UTC 2025
Tue Apr 29 12:26:00 UTC 2025
Wed Apr 30 12:24:00 UTC 2025
Thu May  1 12:23:21 UTC 2025
Fri May  2 12:23:53 UTC 2025
Sat May  3 12:21:37 UTC 2025
Sun May  4 12:22:01 UTC 2025
Mon May  5 12:24:47 UTC 2025
Tue May  6 12:26:44 UTC 2025
Wed May  7 12:26:12 UTC 2025
Thu May  8 12:24:48 UTC 2025
Fri May  9 12:24:03 UTC 2025
Sat May 10 12:21:27 UTC 2025
Sun May 11 12:21:45 UTC 2025
Mon May 12 12:25:58 UTC 2025
Tue May 13 12:26:10 UTC 2025
Wed May 14 12:25:04 UTC 2025
Thu May 15 12:25:09 UTC 2025
Fri May 16 12:25:38 UTC 2025
Sat May 17 12:21:50 UTC 2025
Sun May 18 12:22:07 UTC 2025
Mon May 19 12:26:17 UTC 2025
Tue May 20 12:26:23 UTC 2025
Wed May 21 12:25:22 UTC 2025
Thu May 22 12:26:28 UTC 2025
Fri May 23 12:24:43 UTC 2025
Sat May 24 12:21:59 UTC 2025
Sun May 25 12:22:05 UTC 2025
Mon May 26 12:24:42 UTC 2025
Tue May 27 12:26:21 UTC 2025
Wed May 28 12:26:20 UTC 2025
Thu May 29 12:25:27 UTC 2025
Fri May 30 12:24:55 UTC 2025
Sat May 31 12:22:14 UTC 2025
Sun Jun  1 12:23:16 UTC 2025
Mon Jun  2 12:26:24 UTC 2025
Tue Jun  3 12:26:27 UTC 2025
Wed Jun  4 12:26:35 UTC 2025
Thu Jun  5 12:26:26 UTC 2025
Fri Jun  6 12:25:10 UTC 2025
Sat Jun  7 12:22:35 UTC 2025
Sun Jun  8 12:22:51 UTC 2025
Mon Jun  9 12:26:07 UTC 2025
Tue Jun 10 12:26:48 UTC 2025
Wed Jun 11 12:26:46 UTC 2025
Thu Jun 12 12:25:33 UTC 2025
Fri Jun 13 12:26:02 UTC 2025
Sat Jun 14 12:22:45 UTC 2025
Sun Jun 15 12:23:15 UTC 2025
Mon Jun 16 12:27:00 UTC 2025
Tue Jun 17 12:27:11 UTC 2025
Wed Jun 18 12:26:53 UTC 2025
Thu Jun 19 12:26:32 UTC 2025
Fri Jun 20 12:26:06 UTC 2025
Sat Jun 21 12:22:47 UTC 2025
Sun Jun 22 12:22:50 UTC 2025
Mon Jun 23 12:27:37 UTC 2025
Tue Jun 24 12:26:51 UTC 2025
Wed Jun 25 12:26:53 UTC 2025
Thu Jun 26 12:26:39 UTC 2025
Fri Jun 27 12:25:46 UTC 2025
Sat Jun 28 12:23:18 UTC 2025
Sun Jun 29 12:23:36 UTC 2025
Mon Jun 30 12:26:29 UTC 2025
Tue Jul  1 12:27:06 UTC 2025
Wed Jul  2 12:26:20 UTC 2025
Thu Jul  3 12:26:48 UTC 2025
Fri Jul  4 12:26:12 UTC 2025
Sat Jul  5 12:23:06 UTC 2025
Sun Jul  6 12:23:39 UTC 2025
Mon Jul  7 12:26:37 UTC 2025
Tue Jul  8 12:27:24 UTC 2025
Wed Jul  9 12:26:55 UTC 2025
Thu Jul 10 12:27:08 UTC 2025
Fri Jul 11 12:26:23 UTC 2025
Sat Jul 12 12:23:50 UTC 2025
Sun Jul 13 12:24:39 UTC 2025
Mon Jul 14 12:27:59 UTC 2025
Tue Jul 15 12:28:10 UTC 2025
Wed Jul 16 12:28:06 UTC 2025
Thu Jul 17 12:27:35 UTC 2025
Fri Jul 18 12:27:41 UTC 2025
Sat Jul 19 12:24:37 UTC 2025
Sun Jul 20 12:25:13 UTC 2025
Mon Jul 21 12:28:51 UTC 2025
Tue Jul 22 12:28:16 UTC 2025
Wed Jul 23 12:28:23 UTC 2025
Thu Jul 24 12:28:29 UTC 2025
Fri Jul 25 12:27:31 UTC 2025
Sat Jul 26 12:24:46 UTC 2025
Sun Jul 27 12:25:53 UTC 2025
Mon Jul 28 12:28:58 UTC 2025
Tue Jul 29 12:29:16 UTC 2025
Wed Jul 30 12:29:04 UTC 2025
Thu Jul 31 12:27:24 UTC 2025
Fri Aug  1 12:28:06 UTC 2025
Sat Aug  2 12:25:33 UTC 2025
Sun Aug  3 12:26:17 UTC 2025
Mon Aug  4 12:29:57 UTC 2025
Tue Aug  5 12:29:51 UTC 2025
Wed Aug  6 12:29:33 UTC 2025
Thu Aug  7 12:29:33 UTC 2025
Fri Aug  8 12:28:37 UTC 2025
Sat Aug  9 12:25:00 UTC 2025
Sun Aug 10 12:25:21 UTC 2025
Mon Aug 11 12:28:50 UTC 2025
Tue Aug 12 12:27:03 UTC 2025
Wed Aug 13 12:27:22 UTC 2025
Thu Aug 14 12:28:08 UTC 2025
Fri Aug 15 12:25:49 UTC 2025
Sat Aug 16 12:23:54 UTC 2025
Sun Aug 17 12:24:37 UTC 2025
Mon Aug 18 12:28:03 UTC 2025
Tue Aug 19 12:26:07 UTC 2025
Wed Aug 20 12:25:57 UTC 2025
Thu Aug 21 12:25:45 UTC 2025
Fri Aug 22 12:24:43 UTC 2025
Sat Aug 23 12:22:31 UTC 2025
Sun Aug 24 12:23:01 UTC 2025
Mon Aug 25 12:26:24 UTC 2025
Tue Aug 26 12:27:41 UTC 2025
Wed Aug 27 12:25:11 UTC 2025
Thu Aug 28 12:25:18 UTC 2025
Fri Aug 29 12:24:11 UTC 2025
Sat Aug 30 12:21:49 UTC 2025
Sun Aug 31 12:22:22 UTC 2025
Mon Sep  1 12:26:08 UTC 2025
Tue Sep  2 12:25:47 UTC 2025
Wed Sep  3 12:24:36 UTC 2025
Thu Sep  4 12:25:32 UTC 2025
Fri Sep  5 12:23:55 UTC 2025
Sat Sep  6 12:21:01 UTC 2025
Sun Sep  7 12:21:34 UTC 2025
Mon Sep  8 12:26:35 UTC 2025
Tue Sep  9 12:26:54 UTC 2025
Wed Sep 10 12:24:11 UTC 2025
Thu Sep 11 12:24:03 UTC 2025
Fri Sep 12 12:23:59 UTC 2025
Sat Sep 13 12:21:21 UTC 2025
Sun Sep 14 12:21:02 UTC 2025
Mon Sep 15 12:25:25 UTC 2025
Tue Sep 16 12:25:08 UTC 2025
Wed Sep 17 12:24:54 UTC 2025
Thu Sep 18 12:24:20 UTC 2025
Fri Sep 19 12:25:16 UTC 2025
Sat Sep 20 12:22:11 UTC 2025
Sun Sep 21 12:22:08 UTC 2025
Mon Sep 22 12:25:31 UTC 2025
Tue Sep 23 12:25:03 UTC 2025
Wed Sep 24 12:25:38 UTC 2025
Thu Sep 25 12:26:32 UTC 2025
Fri Sep 26 12:25:00 UTC 2025
Sat Sep 27 12:21:29 UTC 2025
Sun Sep 28 12:22:21 UTC 2025
Mon Sep 29 12:26:04 UTC 2025
Tue Sep 30 12:26:26 UTC 2025
Wed Oct  1 12:26:57 UTC 2025
Thu Oct  2 12:24:05 UTC 2025
Fri Oct  3 12:24:54 UTC 2025
Sat Oct  4 12:21:40 UTC 2025
Sun Oct  5 12:21:52 UTC 2025
Mon Oct  6 12:25:59 UTC 2025
Tue Oct  7 12:26:03 UTC 2025
Wed Oct  8 12:26:19 UTC 2025
Thu Oct  9 12:25:40 UTC 2025
Fri Oct 10 12:26:10 UTC 2025
Sat Oct 11 12:21:57 UTC 2025
Sun Oct 12 12:22:10 UTC 2025
Mon Oct 13 12:26:07 UTC 2025
Tue Oct 14 12:27:00 UTC 2025
Wed Oct 15 12:27:40 UTC 2025
Thu Oct 16 12:27:20 UTC 2025
Fri Oct 17 12:25:44 UTC 2025
Sat Oct 18 12:22:24 UTC 2025
Sun Oct 19 12:22:36 UTC 2025
Mon Oct 20 12:27:10 UTC 2025
Tue Oct 21 12:27:09 UTC 2025
Wed Oct 22 12:27:20 UTC 2025
Thu Oct 23 12:27:14 UTC 2025
Fri Oct 24 12:27:11 UTC 2025
Sat Oct 25 12:22:24 UTC 2025
Sun Oct 26 12:22:59 UTC 2025
Mon Oct 27 12:27:08 UTC 2025
Tue Oct 28 12:26:27 UTC 2025
Wed Oct 29 12:27:44 UTC 2025
Thu Oct 30 12:26:26 UTC 2025
Fri Oct 31 12:26:55 UTC 2025
Sat Nov  1 12:22:54 UTC 2025
Sun Nov  2 12:22:06 UTC 2025
Mon Nov  3 12:27:28 UTC 2025
Tue Nov  4 12:28:35 UTC 2025
Wed Nov  5 12:27:07 UTC 2025
Thu Nov  6 12:26:50 UTC 2025
Fri Nov  7 12:25:59 UTC 2025
Sat Nov  8 12:22:35 UTC 2025
Sun Nov  9 12:23:06 UTC 2025
Mon Nov 10 12:27:04 UTC 2025
Tue Nov 11 12:26:50 UTC 2025
Wed Nov 12 12:27:23 UTC 2025
Thu Nov 13 12:27:46 UTC 2025
Fri Nov 14 12:27:04 UTC 2025
Sat Nov 15 12:23:20 UTC 2025
Sun Nov 16 12:22:49 UTC 2025
Mon Nov 17 12:27:38 UTC 2025
Tue Nov 18 12:28:05 UTC 2025
Wed Nov 19 12:27:17 UTC 2025
Thu Nov 20 12:27:01 UTC 2025
Fri Nov 21 12:25:55 UTC 2025
Sat Nov 22 12:22:41 UTC 2025
Sun Nov 23 12:22:26 UTC 2025
Mon Nov 24 12:27:54 UTC 2025
Tue Nov 25 12:28:30 UTC 2025
Wed Nov 26 12:28:46 UTC 2025
Thu Nov 27 12:27:55 UTC 2025
Fri Nov 28 12:27:19 UTC 2025
Sat Nov 29 12:24:09 UTC 2025
Sun Nov 30 12:24:27 UTC 2025
Mon Dec  1 12:28:21 UTC 2025
Tue Dec  2 12:29:25 UTC 2025
Wed Dec  3 12:28:49 UTC 2025
Thu Dec  4 12:29:46 UTC 2025
Fri Dec  5 12:28:12 UTC 2025
Sat Dec  6 12:24:51 UTC 2025
Sun Dec  7 12:24:07 UTC 2025
Mon Dec  8 12:28:15 UTC 2025
Tue Dec  9 12:28:48 UTC 2025
Wed Dec 10 12:29:05 UTC 2025
Thu Dec 11 12:30:05 UTC 2025
Fri Dec 12 12:28:33 UTC 2025
Sat Dec 13 12:25:23 UTC 2025
Sun Dec 14 12:25:33 UTC 2025
Mon Dec 15 12:31:42 UTC 2025
Tue Dec 16 12:29:36 UTC 2025
Wed Dec 17 12:29:23 UTC 2025
Thu Dec 18 12:28:39 UTC 2025
Fri Dec 19 12:27:29 UTC 2025
Sat Dec 20 12:25:04 UTC 2025
Sun Dec 21 12:25:19 UTC 2025
Mon Dec 22 12:29:06 UTC 2025
Tue Dec 23 12:29:05 UTC 2025
Wed Dec 24 12:28:26 UTC 2025
Thu Dec 25 12:28:00 UTC 2025
Fri Dec 26 12:27:55 UTC 2025
Sat Dec 27 12:26:06 UTC 2025
Sun Dec 28 12:26:34 UTC 2025
Mon Dec 29 12:30:09 UTC 2025
Tue Dec 30 12:29:23 UTC 2025
Wed Dec 31 12:28:35 UTC 2025
Thu Jan  1 12:28:49 UTC 2026
Fri Jan  2 12:27:33 UTC 2026
Sat Jan  3 12:25:59 UTC 2026
Sun Jan  4 12:26:41 UTC 2026
Mon Jan  5 12:31:12 UTC 2026
Tue Jan  6 12:29:54 UTC 2026
Wed Jan  7 12:30:35 UTC 2026
Thu Jan  8 12:30:46 UTC 2026
Fri Jan  9 12:29:50 UTC 2026
Sat Jan 10 12:26:25 UTC 2026
Sun Jan 11 12:26:58 UTC 2026
Mon Jan 12 12:31:50 UTC 2026
Tue Jan 13 12:30:50 UTC 2026
Wed Jan 14 12:30:19 UTC 2026
Thu Jan 15 12:30:01 UTC 2026
Fri Jan 16 12:29:05 UTC 2026
Sat Jan 17 12:26:13 UTC 2026
Sun Jan 18 12:26:26 UTC 2026
Mon Jan 19 12:32:53 UTC 2026
Tue Jan 20 12:33:28 UTC 2026
Wed Jan 21 12:33:31 UTC 2026
Thu Jan 22 12:32:22 UTC 2026
Fri Jan 23 12:31:26 UTC 2026
Sat Jan 24 12:26:56 UTC 2026
Sun Jan 25 12:28:11 UTC 2026
Mon Jan 26 12:32:19 UTC 2026
Tue Jan 27 12:32:24 UTC 2026
Wed Jan 28 12:32:52 UTC 2026
Thu Jan 29 12:38:48 UTC 2026
Fri Jan 30 12:37:13 UTC 2026
Sat Jan 31 12:30:43 UTC 2026
Sun Feb  1 12:32:07 UTC 2026
Mon Feb  2 12:39:42 UTC 2026
Tue Feb  3 12:40:53 UTC 2026
Wed Feb  4 12:40:43 UTC 2026
Thu Feb  5 12:42:41 UTC 2026
Fri Feb  6 12:40:51 UTC 2026
Sat Feb  7 12:31:22 UTC 2026
Sun Feb  8 12:32:09 UTC 2026
Mon Feb  9 12:51:01 UTC 2026
Tue Feb 10 12:55:54 UTC 2026
Wed Feb 11 12:51:36 UTC 2026
Thu Feb 12 12:46:14 UTC 2026
Fri Feb 13 12:40:19 UTC 2026
Sat Feb 14 12:30:43 UTC 2026
Sun Feb 15 12:32:59 UTC 2026
Mon Feb 16 12:43:56 UTC 2026
Tue Feb 17 12:43:42 UTC 2026
Wed Feb 18 12:43:33 UTC 2026
Thu Feb 19 12:44:16 UTC 2026
Fri Feb 20 12:40:09 UTC 2026
Sat Feb 21 12:30:50 UTC 2026
Sun Feb 22 12:32:34 UTC 2026
Mon Feb 23 12:44:17 UTC 2026
Tue Feb 24 12:45:13 UTC 2026
Wed Feb 25 12:44:44 UTC 2026
Thu Feb 26 12:45:27 UTC 2026
Fri Feb 27 12:39:46 UTC 2026
Sat Feb 28 12:29:44 UTC 2026
